<?xml version="1.0" encoding="UTF-8"?>
<!-- Generated by org.testng.reporters.JUnitReportReporter -->
<testsuite hostname="Karthick" name="com.amazon.tests.home.JavaScriptExecutor" tests="1" failures="0" timestamp="18 Sep 2018 03:41:07 GMT" time="21.446" errors="0">
  <testcase name="jsExecutor" time="21.446" classname="com.amazon.tests.home.JavaScriptExecutor"/>
</testsuite> <!-- com.amazon.tests.home.JavaScriptExecutor -->
