<?xml version="1.0" encoding="UTF-8"?>
<!-- Generated by org.testng.reporters.JUnitReportReporter -->
<testsuite hostname="Karthick" name="com.amazon.tests.home.ActionEvents" tests="1" failures="0" timestamp="18 Sep 2018 03:50:51 GMT" time="21.585" errors="0">
  <testcase name="m1" time="21.585" classname="com.amazon.tests.home.ActionEvents"/>
</testsuite> <!-- com.amazon.tests.home.ActionEvents -->
