<?xml version="1.0" encoding="UTF-8"?>
<!-- Generated by org.testng.reporters.JUnitReportReporter -->
<testsuite hostname="Karthick" name="com.amazon.tests.home.MenuTests" tests="1" failures="0" timestamp="18 Sep 2018 02:58:40 GMT" time="12.156" errors="0">
  <testcase name="validateHeader" time="12.156" classname="com.amazon.tests.home.MenuTests"/>
</testsuite> <!-- com.amazon.tests.home.MenuTests -->
